

 SAP2000 v20.2.0 Ultimate 64-bit (Analysis Build 9663/64)
 File: D:\PROJECTS\minipro-S6\SAP_API\structures\ModelDataset_B\modelB15.LOG




 B E G I N   A N A L Y S I S                                2019/02/01  04:01:02


 RUNNING ANALYSIS WITHIN THE GUI PROCESS
 USING THE ADVANCED SOLVER (PROVIDES LIMITED INSTABILITY INFORMATION)

 NUMBER OF JOINTS                          =         112
    WITH RESTRAINTS                        =           4
 NUMBER OF FRAME/CABLE/TENDON ELEMENTS     =         328
 NUMBER OF LOAD PATTERNS                   =           5
 NUMBER OF ACCELERATION LOADS              =           9
 NUMBER OF LOAD CASES                      =           3

 ADDRESSABLE PHYSICAL MEMORY (RAM)         =       7.856 GB

 PARALLELIZATION OF ANALYSIS OPERATIONS:
 (Env. variable SAPFIRE_NUM_THREADS        =           0)
 NUMBER OF THREADS: STATE (AUTOMATIC)      =           4
 NUMBER OF THREADS: STIFFNESS (AUTOMATIC)  =           4
 NUMBER OF THREADS: EVENT (AUTOMATIC)      =           4
 NUMBER OF THREADS: MOVE (AUTOMATIC)       =           4
 NUMBER OF THREADS: RESPONSE (AUTOMATIC)   =           4
 NUMBER OF THREADS: SOLVE (AUTOMATIC)      =           4
 NUMBER OF THREADS: FORM (AUTOMATIC)       =           4


 E L E M E N T   F O R M A T I O N                                      04:01:02



 L I N E A R   E Q U A T I O N   S O L U T I O N                        04:01:02

 FORMING STIFFNESS AT ZERO (UNSTRESSED) INITIAL CONDITIONS

 TOTAL NUMBER OF EQUILIBRIUM EQUATIONS     =         648
 NUMBER OF NON-ZERO STIFFNESS TERMS        =       13644

 ---------------------------------
 BASIC STABILITY CHECK FOR LINEAR LOAD CASES:
    NUMBER OF NEGATIVE STIFFNESS EIGENVALUES SHOULD BE ZERO FOR STABILITY.
    (NOTE: FURTHER CHECKS SHOULD BE CONSIDERED AS DEEMED NECESSARY,
     SUCH AS REVIEWING EIGEN MODES FOR MECHANISMS AND RIGID-BODY MOTION)

    NUMBER OF NEGATIVE EIGENVALUES         =           0,  OK.
 ---------------------------------


 L I N E A R   S T A T I C   C A S E S                                  04:01:02

 USING STIFFNESS AT ZERO (UNSTRESSED) INITIAL CONDITIONS

 TOTAL NUMBER OF CASES TO SOLVE            =           1
 NUMBER OF CASES TO SOLVE PER BLOCK        =           1

 LINEAR STATIC CASES TO BE SOLVED:

 CASE: DEAD


 E I G E N   M O D A L   A N A L Y S I S                                04:01:02

 CASE: MODAL

 USING STIFFNESS AT ZERO (UNSTRESSED) INITIAL CONDITIONS

 NUMBER OF STIFFNESS DEGREES OF FREEDOM    =         648
 NUMBER OF MASS DEGREES OF FREEDOM         =         324
 MAXIMUM NUMBER OF EIGEN MODES SOUGHT      =          12
 MINIMUM NUMBER OF EIGEN MODES SOUGHT      =           1
 NUMBER OF RESIDUAL-MASS MODES SOUGHT      =           0
 NUMBER OF SUBSPACE VECTORS USED           =          24
 RELATIVE CONVERGENCE TOLERANCE            =    1.00E-09

 FREQUENCY SHIFT  (CENTER) (CYC/TIME)      =     .000000
 FREQUENCY CUTOFF (RADIUS) (CYC/TIME)      =  -INFINITY-
 ALLOW AUTOMATIC FREQUENCY SHIFTING        =         YES


 Original stiffness at shift : EV= 0.0000000E+00, f=     .000000, T=  -INFINITY-
 Number of eigenvalues below shift =      0

 Iteration    Approximations to next 5 eigenvalues, from shift EV= 0.0000000E+00
       2   3.9122887E+03 5.9346258E+03 1.4347258E+04 3.5379220E+04 3.9738748E+04
       4   3.9122886E+03 5.9346258E+03 1.4347255E+04 3.5379026E+04 3.9738624E+04

 Found mode      1 of     12:  EV= 3.9122886E+03, f=    9.954870, T=    0.100453
 Found mode      2 of     12:  EV= 5.9346258E+03, f=   12.260743, T=    0.081561
 Found mode      3 of     12:  EV= 1.4347255E+04, f=   19.063584, T=    0.052456
 Found mode      4 of     12:  EV= 3.5379026E+04, f=   29.935952, T=    0.033405
 Found mode      5 of     12:  EV= 3.9738624E+04, f=   31.726820, T=    0.031519
 Found mode      6 of     12:  EV= 1.3051319E+05, f=   57.497285, T=    0.017392

 Iteration    Approximations to next 5 eigenvalues, from shift EV= 0.0000000E+00
       6   1.3470939E+05 1.6234260E+05 1.7179902E+05 1.7902425E+05 2.6428355E+05

 Found mode      7 of     12:  EV= 1.3470939E+05, f=   58.414285, T=    0.017119
 Found mode      8 of     12:  EV= 1.6234260E+05, f=   64.126330, T=    0.015594
 Found mode      9 of     12:  EV= 1.7179902E+05, f=   65.967569, T=    0.015159
 Found mode     10 of     12:  EV= 1.7902425E+05, f=   67.340458, T=    0.014850
 Found mode     11 of     12:  EV= 2.6428355E+05, f=   81.819194, T=    0.012222

 Iteration    Approximations to next 5 eigenvalues, from shift EV= 0.0000000E+00
       7   3.8528404E+05 4.4046343E+05 4.4458093E+05 5.4922315E+05 6.8135538E+05

 Found mode     12 of     12:  EV= 3.8528404E+05, f=   98.789467, T=    0.010123

 NUMBER OF EIGEN MODES FOUND               =          12
 NUMBER OF ITERATIONS PERFORMED            =           7
 NUMBER OF STIFFNESS SHIFTS                =           0


 L I N E A R   M O D A L   H I S T O R Y   A N A L Y S I S              04:01:02

 CASE: HAMMER_EXCITATION
 ANALYSIS TYPE                             =      LINEAR
 USING MODES FROM CASE: MODAL
 NUMBER OF DYNAMIC MODES TO BE USED        =          12
 NUMBER OF STATIC-LOAD MODES TO BE USED    =           4
 MODES ARE TREATED AS STATIC BELOW PERIOD  =    1.0E-101

 TOTAL HISTORY LENGTH (TIME)               =   32.000000
 LENGTH OF TIME-STEPS (TIME)               =    0.010000
 NUMBER OF TIME-STEPS TO BE INTEGRATED     =        3200


 EFFECTIVE MODAL DAMPING RATIOS (CROSS-COUPLING TERMS ARE NEGLECTED)
       1    0.100453    0.020000
       2    0.081561    0.020000
       3    0.052456    0.020000
       4    0.033405    0.020000
       5    0.031519    0.020000
       6    0.017392    0.020000
       7    0.017119    0.020000
       8    0.015594    0.020000
       9    0.015159    0.020000
      10    0.014850    0.020000
      11    0.012222    0.020000
      12    0.010123    0.020000
   Time-step    Load-step     Sub-step    Iteration   Sub-steps/  Iterations/
      number       number       number       number    load-step     sub-step

           1         1000         1000            0            1            0
           3         1501         1501            0            1            0
           6         1504         1504            0            1            0
           9         1507         1507            0            1            0
          12         1510         1510            0            1            0
          15         1513         1513            0            1            0
          18         1516         1516            0            1            0
          21         1519         1519            0            1            0
          24         1522         1522            0            1            0
          27         1525         1525            0            1            0
          30         1528         1528            0            1            0
          33         1531         1531            0            1            0
          36         1534         1534            0            1            0
          39         1537         1537            0            1            0
          42         1540         1540            0            1            0
          45         1543         1543            0            1            0
          48         1546         1546            0            1            0
          51         1549         1549            0            1            0
          54         1552         1552            0            1            0
          57         1555         1555            0            1            0
          60         1558         1558            0            1            0
          63         1561         1561            0            1            0
          66         1564         1564            0            1            0
          69         1567         1567            0            1            0
          72         1570         1570            0            1            0
          75         1573         1573            0            1            0
          78         1576         1576            0            1            0
          81         1579         1579            0            1            0
          84         1582         1582            0            1            0
          87         1585         1585            0            1            0
          90         1588         1588            0            1            0
          93         1591         1591            0            1            0
          96         1594         1594            0            1            0
          99         1597         1597            0            1            0
         102         1600         1600            0            1            0
         105         1603         1603            0            1            0
         108         1606         1606            0            1            0
         111         1609         1609            0            1            0
         114         1612         1612            0            1            0
         117         1615         1615            0            1            0
         120         1618         1618            0            1            0
         123         1621         1621            0            1            0
         126         1624         1624            0            1            0
         129         1627         1627            0            1            0
         132         1630         1630            0            1            0
         135         1633         1633            0            1            0
         138         1636         1636            0            1            0
         141         1639         1639            0            1            0
         144         1642         1642            0            1            0
         147         1645         1645            0            1            0
         150         1648         1648            0            1            0
         153         1651         1651            0            1            0
         156         1654         1654            0            1            0
         159         1657         1657            0            1            0
         162         1660         1660            0            1            0
         165         1663         1663            0            1            0
         168         1666         1666            0            1            0
         171         1669         1669            0            1            0
         174         1672         1672            0            1            0
         177         1675         1675            0            1            0
         180         1678         1678            0            1            0
         183         1681         1681            0            1            0
         186         1684         1684            0            1            0
         189         1687         1687            0            1            0
         192         1690         1690            0            1            0
         195         1693         1693            0            1            0
         198         1696         1696            0            1            0
         201         1699         1699            0            1            0
         204         1702         1702            0            1            0
         207         1705         1705            0            1            0
         210         1708         1708            0            1            0
         213         1711         1711            0            1            0
         216         1714         1714            0            1            0
         219         1717         1717            0            1            0
         222         1720         1720            0            1            0
         225         1723         1723            0            1            0
         228         1726         1726            0            1            0
         231         1729         1729            0            1            0
         234         1732         1732            0            1            0
         237         1735         1735            0            1            0
         240         1738         1738            0            1            0
         243         1741         1741            0            1            0
         246         1744         1744            0            1            0
         249         1747         1747            0            1            0
         252         1750         1750            0            1            0
         255         1753         1753            0            1            0
         258         1756         1756            0            1            0
         261         1759         1759            0            1            0
         264         1762         1762            0            1            0
         267         1765         1765            0            1            0
         270         1768         1768            0            1            0
         273         1771         1771            0            1            0
         276         1774         1774            0            1            0
         279         1777         1777            0            1            0
         282         1780         1780            0            1            0
         285         1783         1783            0            1            0
         288         1786         1786            0            1            0
         291         1789         1789            0            1            0
         294         1792         1792            0            1            0
         297         1795         1795            0            1            0
         300         1798         1798            0            1            0
         303         1801         1801            0            1            0
         306         1804         1804            0            1            0
         309         1807         1807            0            1            0
         312         1810         1810            0            1            0
         315         1813         1813            0            1            0
         318         1816         1816            0            1            0
         321         1819         1819            0            1            0
         324         1822         1822            0            1            0
         327         1825         1825            0            1            0
         330         1828         1828            0            1            0
         333         1831         1831            0            1            0
         336         1834         1834            0            1            0
         339         1837         1837            0            1            0
         342         1840         1840            0            1            0
         345         1843         1843            0            1            0
         348         1846         1846            0            1            0
         351         1849         1849            0            1            0
         354         1852         1852            0            1            0
         357         1855         1855            0            1            0
         360         1858         1858            0            1            0
         363         1861         1861            0            1            0
         366         1864         1864            0            1            0
         369         1867         1867            0            1            0
         372         1870         1870            0            1            0
         375         1873         1873            0            1            0
         378         1876         1876            0            1            0
         381         1879         1879            0            1            0
         384         1882         1882            0            1            0
         387         1885         1885            0            1            0
         390         1888         1888            0            1            0
         393         1891         1891            0            1            0
         396         1894         1894            0            1            0
         399         1897         1897            0            1            0
         402         1900         1900            0            1            0
         405         1903         1903            0            1            0
         408         1906         1906            0            1            0
         411         1909         1909            0            1            0
         414         1912         1912            0            1            0
         417         1915         1915            0            1            0
         420         1918         1918            0            1            0
         423         1921         1921            0            1            0
         426         1924         1924            0            1            0
         429         1927         1927            0            1            0
         432         1930         1930            0            1            0
         435         1933         1933            0            1            0
         438         1936         1936            0            1            0
         441         1939         1939            0            1            0
         444         1942         1942            0            1            0
         447         1945         1945            0            1            0
         450         1948         1948            0            1            0
         453         1951         1951            0            1            0
         456         1954         1954            0            1            0
         459         1957         1957            0            1            0
         462         1960         1960            0            1            0
         465         1963         1963            0            1            0
         468         1966         1966            0            1            0
         471         1969         1969            0            1            0
         474         1972         1972            0            1            0
         477         1975         1975            0            1            0
         480         1978         1978            0            1            0
         483         1981         1981            0            1            0
         486         1984         1984            0            1            0
         489         1987         1987            0            1            0
         492         1990         1990            0            1            0
         495         1993         1993            0            1            0
         498         1996         1996            0            1            0
         501         1999         1999            0            1            0
         504         2002         2002            0            1            0
         507         2005         2005            0            1            0
         510         2008         2008            0            1            0
         513         2011         2011            0            1            0
         516         2014         2014            0            1            0
         519         2017         2017            0            1            0
         522         2020         2020            0            1            0
         525         2023         2023            0            1            0
         528         2026         2026            0            1            0
         531         2029         2029            0            1            0
         534         2032         2032            0            1            0
         537         2035         2035            0            1            0
         540         2038         2038            0            1            0
         543         2041         2041            0            1            0
         546         2044         2044            0            1            0
         549         2047         2047            0            1            0
         552         2050         2050            0            1            0
         555         2053         2053            0            1            0
         558         2056         2056            0            1            0
         561         2059         2059            0            1            0
         564         2062         2062            0            1            0
         567         2065         2065            0            1            0
         570         2068         2068            0            1            0
         573         2071         2071            0            1            0
         576         2074         2074            0            1            0
         579         2077         2077            0            1            0
         582         2080         2080            0            1            0
         585         2083         2083            0            1            0
         588         2086         2086            0            1            0
         591         2089         2089            0            1            0
         594         2092         2092            0            1            0
         597         2095         2095            0            1            0
         600         2098         2098            0            1            0
         603         2101         2101            0            1            0
         606         2104         2104            0            1            0
         609         2107         2107            0            1            0
         612         2110         2110            0            1            0
         615         2113         2113            0            1            0
         618         2116         2116            0            1            0
         621         2119         2119            0            1            0
         624         2122         2122            0            1            0
         627         2125         2125            0            1            0
         630         2128         2128            0            1            0
         633         2131         2131            0            1            0
         636         2134         2134            0            1            0
         639         2137         2137            0            1            0
         642         2140         2140            0            1            0
         645         2143         2143            0            1            0
         648         2146         2146            0            1            0
         651         2149         2149            0            1            0
         654         2152         2152            0            1            0
         657         2155         2155            0            1            0
         660         2158         2158            0            1            0
         663         2161         2161            0            1            0
         666         2164         2164            0            1            0
         669         2167         2167            0            1            0
         672         2170         2170            0            1            0
         675         2173         2173            0            1            0
         678         2176         2176            0            1            0
         681         2179         2179            0            1            0
         684         2182         2182            0            1            0
         687         2185         2185            0            1            0
         690         2188         2188            0            1            0
         693         2191         2191            0            1            0
         696         2194         2194            0            1            0
         699         2197         2197            0            1            0
         702         2200         2200            0            1            0
         705         2203         2203            0            1            0
         708         2206         2206            0            1            0
         711         2209         2209            0            1            0
         714         2212         2212            0            1            0
         717         2215         2215            0            1            0
         720         2218         2218            0            1            0
         723         2221         2221            0            1            0
         726         2224         2224            0            1            0
         729         2227         2227            0            1            0
         732         2230         2230            0            1            0
         735         2233         2233            0            1            0
         738         2236         2236            0            1            0
         741         2239         2239            0            1            0
         744         2242         2242            0            1            0
         747         2245         2245            0            1            0
         750         2248         2248            0            1            0
         753         2251         2251            0            1            0
         756         2254         2254            0            1            0
         759         2257         2257            0            1            0
         762         2260         2260            0            1            0
         765         2263         2263            0            1            0
         768         2266         2266            0            1            0
         771         2269         2269            0            1            0
         774         2272         2272            0            1            0
         777         2275         2275            0            1            0
         780         2278         2278            0            1            0
         783         2281         2281            0            1            0
         786         2284         2284            0            1            0
         789         2287         2287            0            1            0
         792         2290         2290            0            1            0
         795         2293         2293            0            1            0
         798         2296         2296            0            1            0
         801         3299         3299            0            1            0
         804         3801         3801            0            1            0
         807         3804         3804            0            1            0
         810         3807         3807            0            1            0
         813         3810         3810            0            1            0
         816         3813         3813            0            1            0
         819         3816         3816            0            1            0
         822         3819         3819            0            1            0
         825         3822         3822            0            1            0
         828         3825         3825            0            1            0
         831         3828         3828            0            1            0
         834         3831         3831            0            1            0
         837         3834         3834            0            1            0
         840         3837         3837            0            1            0
         843         3840         3840            0            1            0
         846         3843         3843            0            1            0
         849         3846         3846            0            1            0
         852         3849         3849            0            1            0
         855         3852         3852            0            1            0
         858         3855         3855            0            1            0
         861         3858         3858            0            1            0
         864         3861         3861            0            1            0
         867         3864         3864            0            1            0
         870         3867         3867            0            1            0
         873         3870         3870            0            1            0
         876         3873         3873            0            1            0
         879         3876         3876            0            1            0
         882         3879         3879            0            1            0
         885         3882         3882            0            1            0
         888         3885         3885            0            1            0
         891         3888         3888            0            1            0
         894         3891         3891            0            1            0
         897         3894         3894            0            1            0
         900         3897         3897            0            1            0
         903         3900         3900            0            1            0
         906         3903         3903            0            1            0
         909         3906         3906            0            1            0
         912         3909         3909            0            1            0
         915         3912         3912            0            1            0
         918         3915         3915            0            1            0
         921         3918         3918            0            1            0
         924         3921         3921            0            1            0
         927         3924         3924            0            1            0
         930         3927         3927            0            1            0
         933         3930         3930            0            1            0
         936         3933         3933            0            1            0
         939         3936         3936            0            1            0
         942         3939         3939            0            1            0
         945         3942         3942            0            1            0
         948         3945         3945            0            1            0
         951         3948         3948            0            1            0
         954         3951         3951            0            1            0
         957         3954         3954            0            1            0
         960         3957         3957            0            1            0
         963         3960         3960            0            1            0
         966         3963         3963            0            1            0
         969         3966         3966            0            1            0
         972         3969         3969            0            1            0
         975         3972         3972            0            1            0
         978         3975         3975            0            1            0
         981         3978         3978            0            1            0
         984         3981         3981            0            1            0
         987         3984         3984            0            1            0
         990         3987         3987            0            1            0
         993         3990         3990            0            1            0
         996         3993         3993            0            1            0
         999         3996         3996            0            1            0
        1002         3999         3999            0            1            0
        1005         4002         4002            0            1            0
        1008         4005         4005            0            1            0
        1011         4008         4008            0            1            0
        1014         4011         4011            0            1            0
        1017         4014         4014            0            1            0
        1020         4017         4017            0            1            0
        1023         4020         4020            0            1            0
        1026         4023         4023            0            1            0
        1029         4026         4026            0            1            0
        1032         4029         4029            0            1            0
        1035         4032         4032            0            1            0
        1038         4035         4035            0            1            0
        1041         4038         4038            0            1            0
        1044         4041         4041            0            1            0
        1047         4044         4044            0            1            0
        1050         4047         4047            0            1            0
        1053         4050         4050            0            1            0
        1056         4053         4053            0            1            0
        1059         4056         4056            0            1            0
        1062         4059         4059            0            1            0
        1065         4062         4062            0            1            0
        1068         4065         4065            0            1            0
        1071         4068         4068            0            1            0
        1074         4071         4071            0            1            0
        1077         4074         4074            0            1            0
        1080         4077         4077            0            1            0
        1083         4080         4080            0            1            0
        1086         4083         4083            0            1            0
        1089         4086         4086            0            1            0
        1092         4089         4089            0            1            0
        1095         4092         4092            0            1            0
        1098         4095         4095            0            1            0
        1101         4098         4098            0            1            0
        1104         4101         4101            0            1            0
        1107         4104         4104            0            1            0
        1110         4107         4107            0            1            0
        1113         4110         4110            0            1            0
        1116         4113         4113            0            1            0
        1119         4116         4116            0            1            0
        1122         4119         4119            0            1            0
        1125         4122         4122            0            1            0
        1128         4125         4125            0            1            0
        1131         4128         4128            0            1            0
        1134         4131         4131            0            1            0
        1137         4134         4134            0            1            0
        1140         4137         4137            0            1            0
        1143         4140         4140            0            1            0
        1146         4143         4143            0            1            0
        1149         4146         4146            0            1            0
        1152         4149         4149            0            1            0
        1155         4152         4152            0            1            0
        1158         4155         4155            0            1            0
        1161         4158         4158            0            1            0
        1164         4161         4161            0            1            0
        1167         4164         4164            0            1            0
        1170         4167         4167            0            1            0
        1173         4170         4170            0            1            0
        1176         4173         4173            0            1            0
        1179         4176         4176            0            1            0
        1182         4179         4179            0            1            0
        1185         4182         4182            0            1            0
        1188         4185         4185            0            1            0
        1191         4188         4188            0            1            0
        1194         4191         4191            0            1            0
        1197         4194         4194            0            1            0
        1200         4197         4197            0            1            0
        1203         4200         4200            0            1            0
        1206         4203         4203            0            1            0
        1209         4206         4206            0            1            0
        1212         4209         4209            0            1            0
        1215         4212         4212            0            1            0
        1218         4215         4215            0            1            0
        1221         4218         4218            0            1            0
        1224         4221         4221            0            1            0
        1227         4224         4224            0            1            0
        1230         4227         4227            0            1            0
        1233         4230         4230            0            1            0
        1236         4233         4233            0            1            0
        1239         4236         4236            0            1            0
        1242         4239         4239            0            1            0
        1245         4242         4242            0            1            0
        1248         4245         4245            0            1            0
        1251         4248         4248            0            1            0
        1254         4251         4251            0            1            0
        1257         4254         4254            0            1            0
        1260         4257         4257            0            1            0
        1263         4260         4260            0            1            0
        1266         4263         4263            0            1            0
        1269         4266         4266            0            1            0
        1272         4269         4269            0            1            0
        1275         4272         4272            0            1            0
        1278         4275         4275            0            1            0
        1281         4278         4278            0            1            0
        1284         4281         4281            0            1            0
        1287         4284         4284            0            1            0
        1290         4287         4287            0            1            0
        1293         4290         4290            0            1            0
        1296         4293         4293            0            1            0
        1299         4296         4296            0            1            0
        1302         4299         4299            0            1            0
        1305         4302         4302            0            1            0
        1308         4305         4305            0            1            0
        1311         4308         4308            0            1            0
        1314         4311         4311            0            1            0
        1317         4314         4314            0            1            0
        1320         4317         4317            0            1            0
        1323         4320         4320            0            1            0
        1326         4323         4323            0            1            0
        1329         4326         4326            0            1            0
        1332         4329         4329            0            1            0
        1335         4332         4332            0            1            0
        1338         4335         4335            0            1            0
        1341         4338         4338            0            1            0
        1344         4341         4341            0            1            0
        1347         4344         4344            0            1            0
        1350         4347         4347            0            1            0
        1353         4350         4350            0            1            0
        1356         4353         4353            0            1            0
        1359         4356         4356            0            1            0
        1362         4359         4359            0            1            0
        1365         4362         4362            0            1            0
        1368         4365         4365            0            1            0
        1371         4368         4368            0            1            0
        1374         4371         4371            0            1            0
        1377         4374         4374            0            1            0
        1380         4377         4377            0            1            0
        1383         4380         4380            0            1            0
        1386         4383         4383            0            1            0
        1389         4386         4386            0            1            0
        1392         4389         4389            0            1            0
        1395         4392         4392            0            1            0
        1398         4395         4395            0            1            0
        1401         4398         4398            0            1            0
        1404         4401         4401            0            1            0
        1407         4404         4404            0            1            0
        1410         4407         4407            0            1            0
        1413         4410         4410            0            1            0
        1416         4413         4413            0            1            0
        1419         4416         4416            0            1            0
        1422         4419         4419            0            1            0
        1425         4422         4422            0            1            0
        1428         4425         4425            0            1            0
        1431         4428         4428            0            1            0
        1434         4431         4431            0            1            0
        1437         4434         4434            0            1            0
        1440         4437         4437            0            1            0
        1443         4440         4440            0            1            0
        1446         4443         4443            0            1            0
        1449         4446         4446            0            1            0
        1452         4449         4449            0            1            0
        1455         4452         4452            0            1            0
        1458         4455         4455            0            1            0
        1461         4458         4458            0            1            0
        1464         4461         4461            0            1            0
        1467         4464         4464            0            1            0
        1470         4467         4467            0            1            0
        1473         4470         4470            0            1            0
        1476         4473         4473            0            1            0
        1479         4476         4476            0            1            0
        1482         4479         4479            0            1            0
        1485         4482         4482            0            1            0
        1488         4485         4485            0            1            0
        1491         4488         4488            0            1            0
        1494         4491         4491            0            1            0
        1497         4494         4494            0            1            0
        1500         4497         4497            0            1            0
        1503         4500         4500            0            1            0
        1506         4503         4503            0            1            0
        1509         4506         4506            0            1            0
        1512         4509         4509            0            1            0
        1515         4512         4512            0            1            0
        1518         4515         4515            0            1            0
        1521         4518         4518            0            1            0
        1524         4521         4521            0            1            0
        1527         4524         4524            0            1            0
        1530         4527         4527            0            1            0
        1533         4530         4530            0            1            0
        1536         4533         4533            0            1            0
        1539         4536         4536            0            1            0
        1542         4539         4539            0            1            0
        1545         4542         4542            0            1            0
        1548         4545         4545            0            1            0
        1551         4548         4548            0            1            0
        1554         4551         4551            0            1            0
        1557         4554         4554            0            1            0
        1560         4557         4557            0            1            0
        1563         4560         4560            0            1            0
        1566         4563         4563            0            1            0
        1569         4566         4566            0            1            0
        1572         4569         4569            0            1            0
        1575         4572         4572            0            1            0
        1578         4575         4575            0            1            0
        1581         4578         4578            0            1            0
        1584         4581         4581            0            1            0
        1587         4584         4584            0            1            0
        1590         4587         4587            0            1            0
        1593         4590         4590            0            1            0
        1596         4593         4593            0            1            0
        1599         4596         4596            0            1            0
        1602         6098         6098            0            1            0
        1605         6101         6101            0            1            0
        1608         6104         6104            0            1            0
        1611         6107         6107            0            1            0
        1614         6110         6110            0            1            0
        1617         6113         6113            0            1            0
        1620         6116         6116            0            1            0
        1623         6119         6119            0            1            0
        1626         6122         6122            0            1            0
        1629         6125         6125            0            1            0
        1632         6128         6128            0            1            0
        1635         6131         6131            0            1            0
        1638         6134         6134            0            1            0
        1641         6137         6137            0            1            0
        1644         6140         6140            0            1            0
        1647         6143         6143            0            1            0
        1650         6146         6146            0            1            0
        1653         6149         6149            0            1            0
        1656         6152         6152            0            1            0
        1659         6155         6155            0            1            0
        1662         6158         6158            0            1            0
        1665         6161         6161            0            1            0
        1668         6164         6164            0            1            0
        1671         6167         6167            0            1            0
        1674         6170         6170            0            1            0
        1677         6173         6173            0            1            0
        1680         6176         6176            0            1            0
        1683         6179         6179            0            1            0
        1686         6182         6182            0            1            0
        1689         6185         6185            0            1            0
        1692         6188         6188            0            1            0
        1695         6191         6191            0            1            0
        1698         6194         6194            0            1            0
        1701         6197         6197            0            1            0
        1704         6200         6200            0            1            0
        1707         6203         6203            0            1            0
        1710         6206         6206            0            1            0
        1713         6209         6209            0            1            0
        1716         6212         6212            0            1            0
        1719         6215         6215            0            1            0
        1722         6218         6218            0            1            0
        1725         6221         6221            0            1            0
        1728         6224         6224            0            1            0
        1731         6227         6227            0            1            0
        1734         6230         6230            0            1            0
        1737         6233         6233            0            1            0
        1740         6236         6236            0            1            0
        1743         6239         6239            0            1            0
        1746         6242         6242            0            1            0
        1749         6245         6245            0            1            0
        1752         6248         6248            0            1            0
        1755         6251         6251            0            1            0
        1758         6254         6254            0            1            0
        1761         6257         6257            0            1            0
        1764         6260         6260            0            1            0
        1767         6263         6263            0            1            0
        1770         6266         6266            0            1            0
        1773         6269         6269            0            1            0
        1776         6272         6272            0            1            0
        1779         6275         6275            0            1            0
        1782         6278         6278            0            1            0
        1785         6281         6281            0            1            0
        1788         6284         6284            0            1            0
        1791         6287         6287            0            1            0
        1794         6290         6290            0            1            0
        1797         6293         6293            0            1            0
        1800         6296         6296            0            1            0
        1803         6299         6299            0            1            0
        1806         6302         6302            0            1            0
        1809         6305         6305            0            1            0
        1812         6308         6308            0            1            0
        1815         6311         6311            0            1            0
        1818         6314         6314            0            1            0
        1821         6317         6317            0            1            0
        1824         6320         6320            0            1            0
        1827         6323         6323            0            1            0
        1830         6326         6326            0            1            0
        1833         6329         6329            0            1            0
        1836         6332         6332            0            1            0
        1839         6335         6335            0            1            0
        1842         6338         6338            0            1            0
        1845         6341         6341            0            1            0
        1848         6344         6344            0            1            0
        1851         6347         6347            0            1            0
        1854         6350         6350            0            1            0
        1857         6353         6353            0            1            0
        1860         6356         6356            0            1            0
        1863         6359         6359            0            1            0
        1866         6362         6362            0            1            0
        1869         6365         6365            0            1            0
        1872         6368         6368            0            1            0
        1875         6371         6371            0            1            0
        1878         6374         6374            0            1            0
        1881         6377         6377            0            1            0
        1884         6380         6380            0            1            0
        1887         6383         6383            0            1            0
        1890         6386         6386            0            1            0
        1893         6389         6389            0            1            0
        1896         6392         6392            0            1            0
        1899         6395         6395            0            1            0
        1902         6398         6398            0            1            0
        1905         6401         6401            0            1            0
        1908         6404         6404            0            1            0
        1911         6407         6407            0            1            0
        1914         6410         6410            0            1            0
        1917         6413         6413            0            1            0
        1920         6416         6416            0            1            0
        1923         6419         6419            0            1            0
        1926         6422         6422            0            1            0
        1929         6425         6425            0            1            0
        1932         6428         6428            0            1            0
        1935         6431         6431            0            1            0
        1938         6434         6434            0            1            0
        1941         6437         6437            0            1            0
        1944         6440         6440            0            1            0
        1947         6443         6443            0            1            0
        1950         6446         6446            0            1            0
        1953         6449         6449            0            1            0
        1956         6452         6452            0            1            0
        1959         6455         6455            0            1            0
        1962         6458         6458            0            1            0
        1965         6461         6461            0            1            0
        1968         6464         6464            0            1            0
        1971         6467         6467            0            1            0
        1974         6470         6470            0            1            0
        1977         6473         6473            0            1            0
        1980         6476         6476            0            1            0
        1983         6479         6479            0            1            0
        1986         6482         6482            0            1            0
        1989         6485         6485            0            1            0
        1992         6488         6488            0            1            0
        1995         6491         6491            0            1            0
        1998         6494         6494            0            1            0
        2001         6497         6497            0            1            0
        2004         6500         6500            0            1            0
        2007         6503         6503            0            1            0
        2010         6506         6506            0            1            0
        2013         6509         6509            0            1            0
        2016         6512         6512            0            1            0
        2019         6515         6515            0            1            0
        2022         6518         6518            0            1            0
        2025         6521         6521            0            1            0
        2028         6524         6524            0            1            0
        2031         6527         6527            0            1            0
        2034         6530         6530            0            1            0
        2037         6533         6533            0            1            0
        2040         6536         6536            0            1            0
        2043         6539         6539            0            1            0
        2046         6542         6542            0            1            0
        2049         6545         6545            0            1            0
        2052         6548         6548            0            1            0
        2055         6551         6551            0            1            0
        2058         6554         6554            0            1            0
        2061         6557         6557            0            1            0
        2064         6560         6560            0            1            0
        2067         6563         6563            0            1            0
        2070         6566         6566            0            1            0
        2073         6569         6569            0            1            0
        2076         6572         6572            0            1            0
        2079         6575         6575            0            1            0
        2082         6578         6578            0            1            0
        2085         6581         6581            0            1            0
        2088         6584         6584            0            1            0
        2091         6587         6587            0            1            0
        2094         6590         6590            0            1            0
        2097         6593         6593            0            1            0
        2100         6596         6596            0            1            0
        2103         6599         6599            0            1            0
        2106         6602         6602            0            1            0
        2109         6605         6605            0            1            0
        2112         6608         6608            0            1            0
        2115         6611         6611            0            1            0
        2118         6614         6614            0            1            0
        2121         6617         6617            0            1            0
        2124         6620         6620            0            1            0
        2127         6623         6623            0            1            0
        2130         6626         6626            0            1            0
        2133         6629         6629            0            1            0
        2136         6632         6632            0            1            0
        2139         6635         6635            0            1            0
        2142         6638         6638            0            1            0
        2145         6641         6641            0            1            0
        2148         6644         6644            0            1            0
        2151         6647         6647            0            1            0
        2154         6650         6650            0            1            0
        2157         6653         6653            0            1            0
        2160         6656         6656            0            1            0
        2163         6659         6659            0            1            0
        2166         6662         6662            0            1            0
        2169         6665         6665            0            1            0
        2172         6668         6668            0            1            0
        2175         6671         6671            0            1            0
        2178         6674         6674            0            1            0
        2181         6677         6677            0            1            0
        2184         6680         6680            0            1            0
        2187         6683         6683            0            1            0
        2190         6686         6686            0            1            0
        2193         6689         6689            0            1            0
        2196         6692         6692            0            1            0
        2199         6695         6695            0            1            0
        2202         6698         6698            0            1            0
        2205         6701         6701            0            1            0
        2208         6704         6704            0            1            0
        2211         6707         6707            0            1            0
        2214         6710         6710            0            1            0
        2217         6713         6713            0            1            0
        2220         6716         6716            0            1            0
        2223         6719         6719            0            1            0
        2226         6722         6722            0            1            0
        2229         6725         6725            0            1            0
        2232         6728         6728            0            1            0
        2235         6731         6731            0            1            0
        2238         6734         6734            0            1            0
        2241         6737         6737            0            1            0
        2244         6740         6740            0            1            0
        2247         6743         6743            0            1            0
        2250         6746         6746            0            1            0
        2253         6749         6749            0            1            0
        2256         6752         6752            0            1            0
        2259         6755         6755            0            1            0
        2262         6758         6758            0            1            0
        2265         6761         6761            0            1            0
        2268         6764         6764            0            1            0
        2271         6767         6767            0            1            0
        2274         6770         6770            0            1            0
        2277         6773         6773            0            1            0
        2280         6776         6776            0            1            0
        2283         6779         6779            0            1            0
        2286         6782         6782            0            1            0
        2289         6785         6785            0            1            0
        2292         6788         6788            0            1            0
        2295         6791         6791            0            1            0
        2298         6794         6794            0            1            0
        2301         6797         6797            0            1            0
        2304         6800         6800            0            1            0
        2307         6803         6803            0            1            0
        2310         6806         6806            0            1            0
        2313         6809         6809            0            1            0
        2316         6812         6812            0            1            0
        2319         6815         6815            0            1            0
        2322         6818         6818            0            1            0
        2325         6821         6821            0            1            0
        2328         6824         6824            0            1            0
        2331         6827         6827            0            1            0
        2334         6830         6830            0            1            0
        2337         6833         6833            0            1            0
        2340         6836         6836            0            1            0
        2343         6839         6839            0            1            0
        2346         6842         6842            0            1            0
        2349         6845         6845            0            1            0
        2352         6848         6848            0            1            0
        2355         6851         6851            0            1            0
        2358         6854         6854            0            1            0
        2361         6857         6857            0            1            0
        2364         6860         6860            0            1            0
        2367         6863         6863            0            1            0
        2370         6866         6866            0            1            0
        2373         6869         6869            0            1            0
        2376         6872         6872            0            1            0
        2379         6875         6875            0            1            0
        2382         6878         6878            0            1            0
        2385         6881         6881            0            1            0
        2388         6884         6884            0            1            0
        2391         6887         6887            0            1            0
        2394         6890         6890            0            1            0
        2397         6893         6893            0            1            0
        2400         6897         6897            0            1            0
        2403         8398         8398            0            1            0
        2406         8401         8401            0            1            0
        2409         8404         8404            0            1            0
        2412         8407         8407            0            1            0
        2415         8410         8410            0            1            0
        2418         8413         8413            0            1            0
        2421         8416         8416            0            1            0
        2424         8419         8419            0            1            0
        2427         8422         8422            0            1            0
        2430         8425         8425            0            1            0
        2433         8428         8428            0            1            0
        2436         8431         8431            0            1            0
        2439         8434         8434            0            1            0
        2442         8437         8437            0            1            0
        2445         8440         8440            0            1            0
        2448         8443         8443            0            1            0
        2451         8446         8446            0            1            0
        2454         8449         8449            0            1            0
        2457         8452         8452            0            1            0
        2460         8455         8455            0            1            0
        2463         8458         8458            0            1            0
        2466         8461         8461            0            1            0
        2469         8464         8464            0            1            0
        2472         8467         8467            0            1            0
        2475         8470         8470            0            1            0
        2478         8473         8473            0            1            0
        2481         8476         8476            0            1            0
        2484         8479         8479            0            1            0
        2487         8482         8482            0            1            0
        2490         8485         8485            0            1            0
        2493         8488         8488            0            1            0
        2496         8491         8491            0            1            0
        2499         8494         8494            0            1            0
        2502         8497         8497            0            1            0
        2505         8500         8500            0            1            0
        2508         8503         8503            0            1            0
        2511         8506         8506            0            1            0
        2514         8509         8509            0            1            0
        2517         8512         8512            0            1            0
        2520         8515         8515            0            1            0
        2523         8518         8518            0            1            0
        2526         8521         8521            0            1            0
        2529         8524         8524            0            1            0
        2532         8527         8527            0            1            0
        2535         8530         8530            0            1            0
        2538         8533         8533            0            1            0
        2541         8536         8536            0            1            0
        2544         8539         8539            0            1            0
        2547         8542         8542            0            1            0
        2550         8545         8545            0            1            0
        2553         8548         8548            0            1            0
        2556         8551         8551            0            1            0
        2559         8554         8554            0            1            0
        2562         8557         8557            0            1            0
        2565         8560         8560            0            1            0
        2568         8563         8563            0            1            0
        2571         8566         8566            0            1            0
        2574         8569         8569            0            1            0
        2577         8572         8572            0            1            0
        2580         8575         8575            0            1            0
        2583         8578         8578            0            1            0
        2586         8581         8581            0            1            0
        2589         8584         8584            0            1            0
        2592         8587         8587            0            1            0
        2595         8590         8590            0            1            0
        2598         8593         8593            0            1            0
        2601         8596         8596            0            1            0
        2604         8599         8599            0            1            0
        2607         8602         8602            0            1            0
        2610         8605         8605            0            1            0
        2613         8608         8608            0            1            0
        2616         8611         8611            0            1            0
        2619         8614         8614            0            1            0
        2622         8617         8617            0            1            0
        2625         8620         8620            0            1            0
        2628         8623         8623            0            1            0
        2631         8626         8626            0            1            0
        2634         8629         8629            0            1            0
        2637         8632         8632            0            1            0
        2640         8635         8635            0            1            0
        2643         8638         8638            0            1            0
        2646         8641         8641            0            1            0
        2649         8644         8644            0            1            0
        2652         8647         8647            0            1            0
        2655         8650         8650            0            1            0
        2658         8653         8653            0            1            0
        2661         8656         8656            0            1            0
        2664         8659         8659            0            1            0
        2667         8662         8662            0            1            0
        2670         8665         8665            0            1            0
        2673         8668         8668            0            1            0
        2676         8671         8671            0            1            0
        2679         8674         8674            0            1            0
        2682         8677         8677            0            1            0
        2685         8680         8680            0            1            0
        2688         8683         8683            0            1            0
        2691         8686         8686            0            1            0
        2694         8689         8689            0            1            0
        2697         8692         8692            0            1            0
        2700         8695         8695            0            1            0
        2703         8698         8698            0            1            0
        2706         8701         8701            0            1            0
        2709         8704         8704            0            1            0
        2712         8707         8707            0            1            0
        2715         8710         8710            0            1            0
        2718         8713         8713            0            1            0
        2721         8716         8716            0            1            0
        2724         8719         8719            0            1            0
        2727         8722         8722            0            1            0
        2730         8725         8725            0            1            0
        2733         8728         8728            0            1            0
        2736         8731         8731            0            1            0
        2739         8734         8734            0            1            0
        2742         8737         8737            0            1            0
        2745         8740         8740            0            1            0
        2748         8743         8743            0            1            0
        2751         8746         8746            0            1            0
        2754         8749         8749            0            1            0
        2757         8752         8752            0            1            0
        2760         8755         8755            0            1            0
        2763         8758         8758            0            1            0
        2766         8761         8761            0            1            0
        2769         8764         8764            0            1            0
        2772         8767         8767            0            1            0
        2775         8770         8770            0            1            0
        2778         8773         8773            0            1            0
        2781         8776         8776            0            1            0
        2784         8779         8779            0            1            0
        2787         8782         8782            0            1            0
        2790         8785         8785            0            1            0
        2793         8788         8788            0            1            0
        2796         8791         8791            0            1            0
        2799         8794         8794            0            1            0
        2802         8797         8797            0            1            0
        2805         8800         8800            0            1            0
        2808         8803         8803            0            1            0
        2811         8806         8806            0            1            0
        2814         8809         8809            0            1            0
        2817         8812         8812            0            1            0
        2820         8815         8815            0            1            0
        2823         8818         8818            0            1            0
        2826         8821         8821            0            1            0
        2829         8824         8824            0            1            0
        2832         8827         8827            0            1            0
        2835         8830         8830            0            1            0
        2838         8833         8833            0            1            0
        2841         8836         8836            0            1            0
        2844         8839         8839            0            1            0
        2847         8842         8842            0            1            0
        2850         8845         8845            0            1            0
        2853         8848         8848            0            1            0
        2856         8851         8851            0            1            0
        2859         8854         8854            0            1            0
        2862         8857         8857            0            1            0
        2865         8860         8860            0            1            0
        2868         8863         8863            0            1            0
        2871         8866         8866            0            1            0
        2874         8869         8869            0            1            0
        2877         8872         8872            0            1            0
        2880         8875         8875            0            1            0
        2883         8878         8878            0            1            0
        2886         8881         8881            0            1            0
        2889         8884         8884            0            1            0
        2892         8887         8887            0            1            0
        2895         8890         8890            0            1            0
        2898         8893         8893            0            1            0
        2901         8896         8896            0            1            0
        2904         8899         8899            0            1            0
        2907         8902         8902            0            1            0
        2910         8905         8905            0            1            0
        2913         8908         8908            0            1            0
        2916         8911         8911            0            1            0
        2919         8914         8914            0            1            0
        2922         8917         8917            0            1            0
        2925         8920         8920            0            1            0
        2928         8923         8923            0            1            0
        2931         8926         8926            0            1            0
        2934         8929         8929            0            1            0
        2937         8932         8932            0            1            0
        2940         8935         8935            0            1            0
        2943         8938         8938            0            1            0
        2946         8941         8941            0            1            0
        2949         8944         8944            0            1            0
        2952         8947         8947            0            1            0
        2955         8950         8950            0            1            0
        2958         8953         8953            0            1            0
        2961         8956         8956            0            1            0
        2964         8959         8959            0            1            0
        2967         8962         8962            0            1            0
        2970         8965         8965            0            1            0
        2973         8968         8968            0            1            0
        2976         8971         8971            0            1            0
        2979         8974         8974            0            1            0
        2982         8977         8977            0            1            0
        2985         8980         8980            0            1            0
        2988         8983         8983            0            1            0
        2991         8986         8986            0            1            0
        2994         8989         8989            0            1            0
        2997         8992         8992            0            1            0
        3000         8995         8995            0            1            0
        3003         8998         8998            0            1            0
        3006         9001         9001            0            1            0
        3009         9004         9004            0            1            0
        3012         9007         9007            0            1            0
        3015         9010         9010            0            1            0
        3018         9013         9013            0            1            0
        3021         9016         9016            0            1            0
        3024         9019         9019            0            1            0
        3027         9022         9022            0            1            0
        3030         9025         9025            0            1            0
        3033         9028         9028            0            1            0
        3036         9031         9031            0            1            0
        3039         9034         9034            0            1            0
        3042         9037         9037            0            1            0
        3045         9040         9040            0            1            0
        3048         9043         9043            0            1            0
        3051         9046         9046            0            1            0
        3054         9049         9049            0            1            0
        3057         9052         9052            0            1            0
        3060         9055         9055            0            1            0
        3063         9058         9058            0            1            0
        3066         9061         9061            0            1            0
        3069         9064         9064            0            1            0
        3072         9067         9067            0            1            0
        3075         9070         9070            0            1            0
        3078         9073         9073            0            1            0
        3081         9076         9076            0            1            0
        3084         9079         9079            0            1            0
        3087         9082         9082            0            1            0
        3090         9085         9085            0            1            0
        3093         9088         9088            0            1            0
        3096         9091         9091            0            1            0
        3099         9094         9094            0            1            0
        3102         9097         9097            0            1            0
        3105         9100         9100            0            1            0
        3108         9103         9103            0            1            0
        3111         9106         9106            0            1            0
        3114         9109         9109            0            1            0
        3117         9112         9112            0            1            0
        3120         9115         9115            0            1            0
        3123         9118         9118            0            1            0
        3126         9121         9121            0            1            0
        3129         9124         9124            0            1            0
        3132         9127         9127            0            1            0
        3135         9130         9130            0            1            0
        3138         9133         9133            0            1            0
        3141         9136         9136            0            1            0
        3144         9139         9139            0            1            0
        3147         9142         9142            0            1            0
        3150         9145         9145            0            1            0
        3153         9148         9148            0            1            0
        3156         9151         9151            0            1            0
        3159         9154         9154            0            1            0
        3162         9157         9157            0            1            0
        3165         9160         9160            0            1            0
        3168         9163         9163            0            1            0
        3171         9166         9166            0            1            0
        3174         9169         9169            0            1            0
        3177         9172         9172            0            1            0
        3180         9175         9175            0            1            0
        3183         9178         9178            0            1            0
        3186         9181         9181            0            1            0
        3189         9184         9184            0            1            0
        3192         9187         9187            0            1            0
        3195         9190         9190            0            1            0
        3198         9193         9193            0            1            0
        3200         9195         9195            0            1            0

 TOTAL NUMBER OF TIME-STEPS COMPLETED      =        3200
 TOTAL NUMBER OF LOAD-STEPS COMPLETED      =        9195


 A N A L Y S I S   C O M P L E T E                          2019/02/01  04:01:03
